<?xml version="1.0" encoding="utf-8"?>
<test-run id="2" testcasecount="4" result="Passed" total="4" passed="4" failed="0" inconclusive="0" skipped="0" asserts="0" engine-version="3.5.0.0" clr-version="4.0.30319.42000" start-time="2026-08-19 09:02:11Z" end-time="2026-08-19 09:02:12Z" duration="0,8317726">
  <test-suite type="TestSuite" id="1000" name="PicturePuzzle Framework" fullname="PicturePuzzle Framework" runstate="Runnable" testcasecount="70" result="Passed" start-time="2026-08-19 09:02:11Z" end-time="2026-08-19 09:02:12Z" duration="0.831773" total="4" passed="4" failed="0" inconclusive="0" skipped="0" asserts="0">
    <properties>
      <property name="platform" value="EditMode" />
    </properties>
    <test-suite type="Assembly" id="1082" name="Assembly-CSharp-Editor.dll" fullname="D:/PROJECT/PicturePuzzle_Framework/Library/ScriptAssemblies/Assembly-CSharp-Editor.dll" runstate="Runnable" testcasecount="70" result="Passed" start-time="2026-08-19 09:02:11Z" end-time="2026-08-19 09:02:12Z" duration="0.827239" total="4" passed="4" failed="0" inconclusive="0" skipped="0" asserts="0">
      <properties>
        <property name="_PID" value="18236" />
        <property name="_APPDOMAIN" value="Unity Child Domain" />
        <property name="platform" value="EditMode" />
        <property name="EditorOnly" value="True" />
      </properties>
      <test-suite type="TestSuite" id="1083" name="NebulaSoft" fullname="NebulaSoft" runstate="Runnable" testcasecount="13" result="Passed" start-time="2026-08-19 09:02:11Z" end-time="2026-08-19 09:02:12Z" duration="0.826516" total="4" passed="4" failed="0" inconclusive="0" skipped="0" asserts="0">
        <properties />
        <test-suite type="TestSuite" id="1084" name="Tests" fullname="NebulaSoft.Tests" runstate="Runnable" testcasecount="13" result="Passed" start-time="2026-08-19 09:02:11Z" end-time="2026-08-19 09:02:12Z" duration="0.826243" total="4" passed="4" failed="0" inconclusive="0" skipped="0" asserts="0">
          <properties />
          <test-suite type="TestFixture" id="1077" name="FrameworkSceneSmokeTests" fullname="NebulaSoft.Tests.FrameworkSceneSmokeTests" classname="NebulaSoft.Tests.FrameworkSceneSmokeTests" runstate="Runnable" testcasecount="4" result="Passed" start-time="2026-08-19 09:02:11Z" end-time="2026-08-19 09:02:12Z" duration="0.825526" total="4" passed="4" failed="0" inconclusive="0" skipped="0" asserts="0">
            <properties />
            <test-case id="1078" name="BuildSettings_UsesTheFrameworkSceneFlow" fullname="NebulaSoft.Tests.FrameworkSceneSmokeTests.BuildSettings_UsesTheFrameworkSceneFlow" methodname="BuildSettings_UsesTheFrameworkSceneFlow" classname="NebulaSoft.Tests.FrameworkSceneSmokeTests" runstate="Runnable" seed="1218194865" result="Passed" start-time="2026-08-19 09:02:11Z" end-time="2026-08-19 09:02:11Z" duration="0.009510" asserts="0">
              <properties>
                <property name="retryIteration" value="0" />
                <property name="repeatIteration" value="0" />
              </properties>
            </test-case>
            <test-case id="1079" name="FrameworkScenes_HaveNoMissingScripts" fullname="NebulaSoft.Tests.FrameworkSceneSmokeTests.FrameworkScenes_HaveNoMissingScripts" methodname="FrameworkScenes_HaveNoMissingScripts" classname="NebulaSoft.Tests.FrameworkSceneSmokeTests" runstate="Runnable" seed="1009975957" result="Passed" start-time="2026-08-19 09:02:11Z" end-time="2026-08-19 09:02:12Z" duration="0.805105" asserts="0">
              <properties>
                <property name="retryIteration" value="0" />
                <property name="repeatIteration" value="0" />
              </properties>
            </test-case>
            <test-case id="1081" name="LocalLeaderboard_ProvidesOfflineSampleData" fullname="NebulaSoft.Tests.FrameworkSceneSmokeTests.LocalLeaderboard_ProvidesOfflineSampleData" methodname="LocalLeaderboard_ProvidesOfflineSampleData" classname="NebulaSoft.Tests.FrameworkSceneSmokeTests" runstate="Runnable" seed="1081911326" result="Passed" start-time="2026-08-19 09:02:12Z" end-time="2026-08-19 09:02:12Z" duration="0.002639" asserts="0">
              <properties>
                <property name="retryIteration" value="0" />
                <property name="repeatIteration" value="0" />
              </properties>
            </test-case>
            <test-case id="1080" name="PopupContract_RemainsAvailable" fullname="NebulaSoft.Tests.FrameworkSceneSmokeTests.PopupContract_RemainsAvailable" methodname="PopupContract_RemainsAvailable" classname="NebulaSoft.Tests.FrameworkSceneSmokeTests" runstate="Runnable" seed="1293169003" result="Passed" start-time="2026-08-19 09:02:12Z" end-time="2026-08-19 09:02:12Z" duration="0.000311" asserts="0">
              <properties>
                <property name="retryIteration" value="0" />
                <property name="repeatIteration" value="0" />
              </properties>
              <output><![CDATA[Saving results to: C:/Users/Admin/AppData/LocalLow/NebulaSoftStudio/PicturePuzzle Framework\TestResults.xml
]]></output>
            </test-case>
          </test-suite>
        </test-suite>
      </test-suite>
    </test-suite>
  </test-suite>
</test-run>